
*** Running vivado
    with args -log Header.vds -m64 -product Vivado -mode batch -messageDb vivado.pb -notrace -source Header.tcl



****** Vivado v2022.2 (64-bit)
  **** SW Build 3671981 on Fri Oct 14 05:00:03 MDT 2022
  **** IP Build 3669848 on Fri Oct 14 08:30:02 MDT 2022
    ** Copyright 1986-2022 Xilinx, Inc. All Rights Reserved.

source Header.tcl -notrace
create_project: Time (s): cpu = 00:00:05 ; elapsed = 00:00:07 . Memory (MB): peak = 393.730 ; gain = 68.348
Command: read_checkpoint -auto_incremental -incremental C:/Users/brain/lab3/lab3.srcs/utils_1/imports/synth_1/onedigitBCDadder.dcp
INFO: [Vivado 12-5825] Read reference checkpoint from C:/Users/brain/lab3/lab3.srcs/utils_1/imports/synth_1/onedigitBCDadder.dcp for incremental synthesis
INFO: [Vivado 12-7989] Please ensure there are no constraint changes
Command: synth_design -top Header -part xc7a100tcsg324-1
Starting synth_design
Attempting to get a license for feature 'Synthesis' and/or device 'xc7a100t'
INFO: [Common 17-349] Got license for feature 'Synthesis' and/or device 'xc7a100t'
INFO: [Device 21-403] Loading part xc7a100tcsg324-1
INFO: [Designutils 20-5440] No compile time benefit to using incremental synthesis; A full resynthesis will be run
INFO: [Designutils 20-4379] Flow is switching to default flow due to incremental criteria not met. If you would like to alter this behaviour and have the flow terminate instead, please set the following parameter config_implementation {autoIncr.Synth.RejectBehavior Terminate}
INFO: [Synth 8-7079] Multithreading enabled for synth_design using a maximum of 2 processes.
INFO: [Synth 8-7078] Launching helper process for spawning children vivado processes
INFO: [Synth 8-7075] Helper process launched with PID 25892
INFO: [Synth 8-11241] undeclared symbol 'REGCCE', assumed default net type 'wire' [C:/Xilinx/Vivado/2022.2/data/verilog/src/unimacro/BRAM_SINGLE_MACRO.v:2170]
---------------------------------------------------------------------------------
Starting RTL Elaboration : Time (s): cpu = 00:00:07 ; elapsed = 00:00:09 . Memory (MB): peak = 1222.898 ; gain = 409.105
---------------------------------------------------------------------------------
INFO: [Synth 8-638] synthesizing module 'Header' [C:/Users/brain/lab3/lab3.srcs/sources_1/new/head.vhd:19]
INFO: [Synth 8-638] synthesizing module 'Clock_Divider' [C:/Users/brain/lab3/lab3.srcs/sources_1/new/clockDivider.vhd:11]
WARNING: [Synth 8-614] signal 'tmp' is read in the process but is not in the sensitivity list [C:/Users/brain/lab3/lab3.srcs/sources_1/new/clockDivider.vhd:18]
INFO: [Synth 8-256] done synthesizing module 'Clock_Divider' (0#1) [C:/Users/brain/lab3/lab3.srcs/sources_1/new/clockDivider.vhd:11]
INFO: [Synth 8-638] synthesizing module 'counter' [C:/Users/brain/lab3/lab3.srcs/sources_1/new/counter.vhd:12]
Count value: 
INFO: [Synth 8-256] done synthesizing module 'counter' (0#1) [C:/Users/brain/lab3/lab3.srcs/sources_1/new/counter.vhd:12]
INFO: [Synth 8-638] synthesizing module 'BCD_Adder_Subtractor' [C:/Users/brain/lab3/lab3.srcs/sources_1/new/sub.vhd:15]
WARNING: [Synth 8-614] signal 'sub' is read in the process but is not in the sensitivity list [C:/Users/brain/lab3/lab3.srcs/sources_1/new/sub.vhd:24]
WARNING: [Synth 8-614] signal 'temp' is read in the process but is not in the sensitivity list [C:/Users/brain/lab3/lab3.srcs/sources_1/new/sub.vhd:24]
INFO: [Synth 8-256] done synthesizing module 'BCD_Adder_Subtractor' (0#1) [C:/Users/brain/lab3/lab3.srcs/sources_1/new/sub.vhd:15]
INFO: [Synth 8-638] synthesizing module 'MUX' [C:/Users/brain/lab3/lab3.srcs/sources_1/new/mux.vhd:13]
INFO: [Synth 8-256] done synthesizing module 'MUX' (0#1) [C:/Users/brain/lab3/lab3.srcs/sources_1/new/mux.vhd:13]
INFO: [Synth 8-638] synthesizing module 'demux' [C:/Users/brain/lab3/lab3.srcs/sources_1/new/demux.vhd:12]
INFO: [Synth 8-226] default block is never used [C:/Users/brain/lab3/lab3.srcs/sources_1/new/demux.vhd:19]
INFO: [Synth 8-256] done synthesizing module 'demux' (0#1) [C:/Users/brain/lab3/lab3.srcs/sources_1/new/demux.vhd:12]
INFO: [Synth 8-638] synthesizing module 'hex_to_ssd' [C:/Users/brain/lab3/lab3.srcs/sources_1/new/hex_to_ssd.vhd:18]
INFO: [Synth 8-256] done synthesizing module 'hex_to_ssd' (0#1) [C:/Users/brain/lab3/lab3.srcs/sources_1/new/hex_to_ssd.vhd:18]
INFO: [Synth 8-256] done synthesizing module 'Header' (0#1) [C:/Users/brain/lab3/lab3.srcs/sources_1/new/head.vhd:19]
WARNING: [Synth 8-3848] Net MUX_OUT in module/entity Header does not have driver. [C:/Users/brain/lab3/lab3.srcs/sources_1/new/head.vhd:12]
WARNING: [Synth 8-3917] design Header has port cn[3] driven by constant 1
WARNING: [Synth 8-3917] design Header has port cn[2] driven by constant 1
WARNING: [Synth 8-3917] design Header has port cn[1] driven by constant 1
WARNING: [Synth 8-3917] design Header has port cn[0] driven by constant 1
WARNING: [Synth 8-7129] Port decoder_in[1] in module demux is either unconnected or has no load
WARNING: [Synth 8-7129] Port decoder_in[0] in module demux is either unconnected or has no load
WARNING: [Synth 8-7129] Port MUX_OUT[3] in module Header is either unconnected or has no load
WARNING: [Synth 8-7129] Port MUX_OUT[2] in module Header is either unconnected or has no load
WARNING: [Synth 8-7129] Port MUX_OUT[1] in module Header is either unconnected or has no load
WARNING: [Synth 8-7129] Port MUX_OUT[0] in module Header is either unconnected or has no load
---------------------------------------------------------------------------------
Finished RTL Elaboration : Time (s): cpu = 00:00:10 ; elapsed = 00:00:12 . Memory (MB): peak = 1312.570 ; gain = 498.777
---------------------------------------------------------------------------------
---------------------------------------------------------------------------------
Start Handling Custom Attributes
---------------------------------------------------------------------------------
---------------------------------------------------------------------------------
Finished Handling Custom Attributes : Time (s): cpu = 00:00:10 ; elapsed = 00:00:12 . Memory (MB): peak = 1312.570 ; gain = 498.777
---------------------------------------------------------------------------------
---------------------------------------------------------------------------------
Finished RTL Optimization Phase 1 : Time (s): cpu = 00:00:10 ; elapsed = 00:00:12 . Memory (MB): peak = 1312.570 ; gain = 498.777
---------------------------------------------------------------------------------
Netlist sorting complete. Time (s): cpu = 00:00:00 ; elapsed = 00:00:00.003 . Memory (MB): peak = 1312.570 ; gain = 0.000
INFO: [Project 1-570] Preparing netlist for logic optimization

Processing XDC Constraints
Initializing timing engine
Parsing XDC File [C:/Users/brain/lab3/lab3.srcs/constrs_1/new/constraints.xdc]
WARNING: [Vivado 12-584] No ports matched 'LED16'. [C:/Users/brain/lab3/lab3.srcs/constrs_1/new/constraints.xdc:81]
CRITICAL WARNING: [Common 17-55] 'set_property' expects at least one object. [C:/Users/brain/lab3/lab3.srcs/constrs_1/new/constraints.xdc:81]
Resolution: If [get_<value>] was used to populate the object, check to make sure this command returns at least one valid object.
WARNING: [Vivado 12-584] No ports matched 'LED16'. [C:/Users/brain/lab3/lab3.srcs/constrs_1/new/constraints.xdc:82]
CRITICAL WARNING: [Common 17-55] 'set_property' expects at least one object. [C:/Users/brain/lab3/lab3.srcs/constrs_1/new/constraints.xdc:82]
Resolution: If [get_<value>] was used to populate the object, check to make sure this command returns at least one valid object.
WARNING: [Vivado 12-584] No ports matched 'LED1'. [C:/Users/brain/lab3/lab3.srcs/constrs_1/new/constraints.xdc:85]
CRITICAL WARNING: [Common 17-55] 'set_property' expects at least one object. [C:/Users/brain/lab3/lab3.srcs/constrs_1/new/constraints.xdc:85]
Resolution: If [get_<value>] was used to populate the object, check to make sure this command returns at least one valid object.
WARNING: [Vivado 12-584] No ports matched 'LED1'. [C:/Users/brain/lab3/lab3.srcs/constrs_1/new/constraints.xdc:86]
CRITICAL WARNING: [Common 17-55] 'set_property' expects at least one object. [C:/Users/brain/lab3/lab3.srcs/constrs_1/new/constraints.xdc:86]
Resolution: If [get_<value>] was used to populate the object, check to make sure this command returns at least one valid object.
WARNING: [Vivado 12-584] No ports matched 'MATCH'. [C:/Users/brain/lab3/lab3.srcs/constrs_1/new/constraints.xdc:89]
CRITICAL WARNING: [Common 17-55] 'set_property' expects at least one object. [C:/Users/brain/lab3/lab3.srcs/constrs_1/new/constraints.xdc:89]
Resolution: If [get_<value>] was used to populate the object, check to make sure this command returns at least one valid object.
WARNING: [Vivado 12-584] No ports matched 'MATCH'. [C:/Users/brain/lab3/lab3.srcs/constrs_1/new/constraints.xdc:90]
CRITICAL WARNING: [Common 17-55] 'set_property' expects at least one object. [C:/Users/brain/lab3/lab3.srcs/constrs_1/new/constraints.xdc:90]
Resolution: If [get_<value>] was used to populate the object, check to make sure this command returns at least one valid object.
WARNING: [Vivado 12-584] No ports matched 'LOCK_LED'. [C:/Users/brain/lab3/lab3.srcs/constrs_1/new/constraints.xdc:93]
CRITICAL WARNING: [Common 17-55] 'set_property' expects at least one object. [C:/Users/brain/lab3/lab3.srcs/constrs_1/new/constraints.xdc:93]
Resolution: If [get_<value>] was used to populate the object, check to make sure this command returns at least one valid object.
WARNING: [Vivado 12-584] No ports matched 'LOCK_LED'. [C:/Users/brain/lab3/lab3.srcs/constrs_1/new/constraints.xdc:94]
CRITICAL WARNING: [Common 17-55] 'set_property' expects at least one object. [C:/Users/brain/lab3/lab3.srcs/constrs_1/new/constraints.xdc:94]
Resolution: If [get_<value>] was used to populate the object, check to make sure this command returns at least one valid object.
WARNING: [Vivado 12-584] No ports matched 'carry_out'. [C:/Users/brain/lab3/lab3.srcs/constrs_1/new/constraints.xdc:192]
CRITICAL WARNING: [Common 17-55] 'set_property' expects at least one object. [C:/Users/brain/lab3/lab3.srcs/constrs_1/new/constraints.xdc:192]
Resolution: If [get_<value>] was used to populate the object, check to make sure this command returns at least one valid object.
WARNING: [Vivado 12-584] No ports matched 'carry_out'. [C:/Users/brain/lab3/lab3.srcs/constrs_1/new/constraints.xdc:193]
CRITICAL WARNING: [Common 17-55] 'set_property' expects at least one object. [C:/Users/brain/lab3/lab3.srcs/constrs_1/new/constraints.xdc:193]
Resolution: If [get_<value>] was used to populate the object, check to make sure this command returns at least one valid object.
Finished Parsing XDC File [C:/Users/brain/lab3/lab3.srcs/constrs_1/new/constraints.xdc]
INFO: [Project 1-236] Implementation specific constraints were found while reading constraint file [C:/Users/brain/lab3/lab3.srcs/constrs_1/new/constraints.xdc]. These constraints will be ignored for synthesis but will be used in implementation. Impacted constraints are listed in the file [.Xil/Header_propImpl.xdc].
Resolution: To avoid this warning, move constraints listed in [.Xil/Header_propImpl.xdc] to another XDC file and exclude this new file from synthesis with the used_in_synthesis property (File Properties dialog in GUI) and re-run elaboration/synthesis.
Completed Processing XDC Constraints

Netlist sorting complete. Time (s): cpu = 00:00:00 ; elapsed = 00:00:00 . Memory (MB): peak = 1358.527 ; gain = 0.000
INFO: [Project 1-111] Unisim Transformation Summary:
No Unisim elements were transformed.

Constraint Validation Runtime : Time (s): cpu = 00:00:00 ; elapsed = 00:00:00.005 . Memory (MB): peak = 1358.527 ; gain = 0.000
INFO: [Designutils 20-5440] No compile time benefit to using incremental synthesis; A full resynthesis will be run
INFO: [Designutils 20-4379] Flow is switching to default flow due to incremental criteria not met. If you would like to alter this behaviour and have the flow terminate instead, please set the following parameter config_implementation {autoIncr.Synth.RejectBehavior Terminate}
INFO: [Synth 8-11241] undeclared symbol 'REGCCE', assumed default net type 'wire' [C:/Xilinx/Vivado/2022.2/data/verilog/src/unimacro/BRAM_SINGLE_MACRO.v:2170]
---------------------------------------------------------------------------------
Finished Constraint Validation : Time (s): cpu = 00:00:19 ; elapsed = 00:00:22 . Memory (MB): peak = 1358.527 ; gain = 544.734
---------------------------------------------------------------------------------
---------------------------------------------------------------------------------
Start Loading Part and Timing Information
---------------------------------------------------------------------------------
Loading part: xc7a100tcsg324-1
---------------------------------------------------------------------------------
Finished Loading Part and Timing Information : Time (s): cpu = 00:00:19 ; elapsed = 00:00:22 . Memory (MB): peak = 1358.527 ; gain = 544.734
---------------------------------------------------------------------------------
---------------------------------------------------------------------------------
Start Applying 'set_property' XDC Constraints
---------------------------------------------------------------------------------
---------------------------------------------------------------------------------
Finished applying 'set_property' XDC Constraints : Time (s): cpu = 00:00:19 ; elapsed = 00:00:22 . Memory (MB): peak = 1358.527 ; gain = 544.734
---------------------------------------------------------------------------------
---------------------------------------------------------------------------------
Finished RTL Optimization Phase 2 : Time (s): cpu = 00:00:20 ; elapsed = 00:00:22 . Memory (MB): peak = 1358.527 ; gain = 544.734
---------------------------------------------------------------------------------
---------------------------------------------------------------------------------
Start RTL Component Statistics 
---------------------------------------------------------------------------------
Detailed RTL Component Info : 
+---Adders : 
	   2 Input   32 Bit       Adders := 1     
	   3 Input    5 Bit       Adders := 2     
	   2 Input    4 Bit       Adders := 4     
	   2 Input    2 Bit       Adders := 1     
+---Registers : 
	               32 Bit    Registers := 1     
	                2 Bit    Registers := 1     
	                1 Bit    Registers := 1     
+---Muxes : 
	   2 Input   32 Bit        Muxes := 1     
	   2 Input    4 Bit        Muxes := 13    
	   4 Input    4 Bit        Muxes := 1     
	   2 Input    1 Bit        Muxes := 2     
---------------------------------------------------------------------------------
Finished RTL Component Statistics 
---------------------------------------------------------------------------------
---------------------------------------------------------------------------------
Start Part Resource Summary
---------------------------------------------------------------------------------
Part Resources:
DSPs: 240 (col length:80)
BRAMs: 270 (col length: RAMB18 80 RAMB36 40)
---------------------------------------------------------------------------------
Finished Part Resource Summary
---------------------------------------------------------------------------------
---------------------------------------------------------------------------------
Start Cross Boundary and Area Optimization
---------------------------------------------------------------------------------
WARNING: [Synth 8-7080] Parallel synthesis criteria is not met
WARNING: [Synth 8-3917] design Header has port an[3] driven by constant 1
WARNING: [Synth 8-3917] design Header has port cn[3] driven by constant 1
WARNING: [Synth 8-3917] design Header has port cn[2] driven by constant 1
WARNING: [Synth 8-3917] design Header has port cn[1] driven by constant 1
WARNING: [Synth 8-3917] design Header has port cn[0] driven by constant 1
WARNING: [Synth 8-7129] Port MUX_OUT[3] in module Header is either unconnected or has no load
WARNING: [Synth 8-7129] Port MUX_OUT[2] in module Header is either unconnected or has no load
WARNING: [Synth 8-7129] Port MUX_OUT[1] in module Header is either unconnected or has no load
WARNING: [Synth 8-7129] Port MUX_OUT[0] in module Header is either unconnected or has no load
---------------------------------------------------------------------------------
Finished Cross Boundary and Area Optimization : Time (s): cpu = 00:00:24 ; elapsed = 00:00:27 . Memory (MB): peak = 1358.527 ; gain = 544.734
---------------------------------------------------------------------------------
---------------------------------------------------------------------------------
Start Applying XDC Timing Constraints
---------------------------------------------------------------------------------
---------------------------------------------------------------------------------
Finished Applying XDC Timing Constraints : Time (s): cpu = 00:00:30 ; elapsed = 00:00:34 . Memory (MB): peak = 1358.527 ; gain = 544.734
---------------------------------------------------------------------------------
---------------------------------------------------------------------------------
Start Timing Optimization
---------------------------------------------------------------------------------
---------------------------------------------------------------------------------
Finished Timing Optimization : Time (s): cpu = 00:00:30 ; elapsed = 00:00:34 . Memory (MB): peak = 1358.527 ; gain = 544.734
---------------------------------------------------------------------------------
---------------------------------------------------------------------------------
Start Technology Mapping
---------------------------------------------------------------------------------
---------------------------------------------------------------------------------
Finished Technology Mapping : Time (s): cpu = 00:00:31 ; elapsed = 00:00:34 . Memory (MB): peak = 1358.527 ; gain = 544.734
---------------------------------------------------------------------------------
---------------------------------------------------------------------------------
Start IO Insertion
---------------------------------------------------------------------------------
---------------------------------------------------------------------------------
Start Flattening Before IO Insertion
---------------------------------------------------------------------------------
---------------------------------------------------------------------------------
Finished Flattening Before IO Insertion
---------------------------------------------------------------------------------
---------------------------------------------------------------------------------
Start Final Netlist Cleanup
---------------------------------------------------------------------------------
---------------------------------------------------------------------------------
Finished Final Netlist Cleanup
---------------------------------------------------------------------------------
---------------------------------------------------------------------------------
Finished IO Insertion : Time (s): cpu = 00:00:37 ; elapsed = 00:00:40 . Memory (MB): peak = 1358.527 ; gain = 544.734
---------------------------------------------------------------------------------
---------------------------------------------------------------------------------
Start Renaming Generated Instances
---------------------------------------------------------------------------------
---------------------------------------------------------------------------------
Finished Renaming Generated Instances : Time (s): cpu = 00:00:37 ; elapsed = 00:00:40 . Memory (MB): peak = 1358.527 ; gain = 544.734
---------------------------------------------------------------------------------
---------------------------------------------------------------------------------
Start Rebuilding User Hierarchy
---------------------------------------------------------------------------------
---------------------------------------------------------------------------------
Finished Rebuilding User Hierarchy : Time (s): cpu = 00:00:37 ; elapsed = 00:00:40 . Memory (MB): peak = 1358.527 ; gain = 544.734
---------------------------------------------------------------------------------
---------------------------------------------------------------------------------
Start Renaming Generated Ports
---------------------------------------------------------------------------------
---------------------------------------------------------------------------------
Finished Renaming Generated Ports : Time (s): cpu = 00:00:37 ; elapsed = 00:00:40 . Memory (MB): peak = 1358.527 ; gain = 544.734
---------------------------------------------------------------------------------
---------------------------------------------------------------------------------
Start Handling Custom Attributes
---------------------------------------------------------------------------------
---------------------------------------------------------------------------------
Finished Handling Custom Attributes : Time (s): cpu = 00:00:37 ; elapsed = 00:00:40 . Memory (MB): peak = 1358.527 ; gain = 544.734
---------------------------------------------------------------------------------
---------------------------------------------------------------------------------
Start Renaming Generated Nets
---------------------------------------------------------------------------------
---------------------------------------------------------------------------------
Finished Renaming Generated Nets : Time (s): cpu = 00:00:37 ; elapsed = 00:00:40 . Memory (MB): peak = 1358.527 ; gain = 544.734
---------------------------------------------------------------------------------
---------------------------------------------------------------------------------
Start Writing Synthesis Report
---------------------------------------------------------------------------------

Report BlackBoxes: 
+-+--------------+----------+
| |BlackBox name |Instances |
+-+--------------+----------+
+-+--------------+----------+

Report Cell Usage: 
+------+-------+------+
|      |Cell   |Count |
+------+-------+------+
|1     |BUFG   |     1|
|2     |CARRY4 |     8|
|3     |LUT1   |     2|
|4     |LUT2   |     6|
|5     |LUT3   |     2|
|6     |LUT4   |     7|
|7     |LUT5   |    54|
|8     |LUT6   |    20|
|9     |FDCE   |    32|
|10    |FDPE   |     1|
|11    |FDRE   |     2|
|12    |IBUF   |    19|
|13    |OBUF   |    16|
|14    |OBUFT  |     4|
+------+-------+------+
---------------------------------------------------------------------------------
Finished Writing Synthesis Report : Time (s): cpu = 00:00:37 ; elapsed = 00:00:40 . Memory (MB): peak = 1358.527 ; gain = 544.734
---------------------------------------------------------------------------------
Synthesis finished with 0 errors, 0 critical warnings and 10 warnings.
Synthesis Optimization Runtime : Time (s): cpu = 00:00:25 ; elapsed = 00:00:38 . Memory (MB): peak = 1358.527 ; gain = 498.777
Synthesis Optimization Complete : Time (s): cpu = 00:00:37 ; elapsed = 00:00:41 . Memory (MB): peak = 1358.527 ; gain = 544.734
INFO: [Project 1-571] Translating synthesized netlist
Netlist sorting complete. Time (s): cpu = 00:00:00 ; elapsed = 00:00:00.002 . Memory (MB): peak = 1358.527 ; gain = 0.000
INFO: [Netlist 29-17] Analyzing 8 Unisim elements for replacement
INFO: [Netlist 29-28] Unisim Transformation completed in 0 CPU seconds
INFO: [Project 1-570] Preparing netlist for logic optimization
INFO: [Opt 31-138] Pushed 0 inverter(s) to 0 load pin(s).
Netlist sorting complete. Time (s): cpu = 00:00:00 ; elapsed = 00:00:00 . Memory (MB): peak = 1358.527 ; gain = 0.000
INFO: [Project 1-111] Unisim Transformation Summary:
No Unisim elements were transformed.

Synth Design complete, checksum: 9e981c09
INFO: [Common 17-83] Releasing license: Synthesis
38 Infos, 34 Warnings, 10 Critical Warnings and 0 Errors encountered.
synth_design completed successfully
synth_design: Time (s): cpu = 00:00:42 ; elapsed = 00:00:55 . Memory (MB): peak = 1358.527 ; gain = 939.664
INFO: [runtcl-6] Synthesis results are not added to the cache due to CRITICAL_WARNING
INFO: [Common 17-1381] The checkpoint 'C:/Users/brain/lab3/lab3.runs/synth_1/Header.dcp' has been generated.
INFO: [runtcl-4] Executing : report_utilization -file Header_utilization_synth.rpt -pb Header_utilization_synth.pb
INFO: [Common 17-206] Exiting Vivado at Wed Sep  4 12:03:52 2024...
